<?xml version="1.0" encoding="UTF-8"?>
<!-- Generated by org.testng.reporters.JUnitReportReporter -->
<testsuite hostname="DESKTOP-QADOUHJ" failures="0" tests="2" name="stepdefination.Stepdefination" time="46.686" errors="0" timestamp="2023-10-17T10:03:56 IST" skipped="0">
  <testcase classname="stepdefination.Stepdefination" name="page" time="22.240"/>
  <system-out/>
  <testcase classname="stepdefination.Stepdefination" name="check" time="24.446"/>
  <system-out/>
</testsuite> <!-- stepdefination.Stepdefination -->
